<project xmlns="http://maven.apache.org/POM/4.0.0" xmlns:xsi="http://www.w3.org/2001/XMLSchema-instance" xsi:schemaLocation="http://maven.apache.org/POM/4.0.0 http://maven.apache.org/maven-v4_0_0.xsd">
    <modelVersion>4.0.0</modelVersion>
    <groupId>test.unit</groupId>
    <artifactId>maven-migrate-plugin</artifactId>
    <packaging>jar</packaging>
    <version>1.0-SNAPSHOT</version>

    <name>Apache Maven UglifyJS plugin unit test</name>
    <description>Configuration to minify file with .js in its filename</description>
    <build>
        <plugins>
            <plugin>
                <groupId>com.spyros</groupId>
                <artifactId>uglifyjs3-maven-plugin</artifactId>
                <configuration>
                    <sources>
                        <directory>src/test/resources/unit/basic-test/script</directory>
                        <excludes>
                            <exclude>org/foo</exclude>
                            <exclude>org/bar</exclude>
                            <exclude>**/*.min.js</exclude>
                        </excludes>
                        <includes>test.jscript.js</includes>
                    </sources>
                </configuration>
            </plugin>
        </plugins>
    </build>
</project>